<test-run id="2" testcasecount="0" result="Passed" start-time="2023-03-05 21:10:51.764723" end-time="2023-03-05 21:10:51.849697" duration="0" total="0" passed="0" failed="0" inconclusive="0" skipped="0" asserts="0" clr-version="3.10.9 (main, Dec 15 2022, 17:11:09) [Clang 14.0.0 (clang-1400.0.29.202)]" engine-version="3.6.2"><command-line>/opt/homebrew/lib/python3.10/site-packages/pytest/__main__.py -k test_new</command-line><filter><name re="0">test_new</name></filter></test-run>