<test-run id="2" testcasecount="1" result="Passed" start-time="2023-03-13 19:25:35.506809" end-time="2023-03-13 19:25:38.231351" duration="2" total="1" passed="0" failed="1" inconclusive="0" skipped="0" asserts="0" clr-version="3.10.10 (main, Feb 16 2023, 02:49:39) [Clang 14.0.0 (clang-1400.0.29.202)]" engine-version="3.6.2"><command-line>/opt/homebrew/bin/pytest -k test_log_in_organisation</command-line><filter><name re="0">test_log_in_organisation</name></filter><test-suite id="test_login.py" name="test_login.py" fullname="test_login.py" methodname="" classname="" runstate="Runnable" type="Assembly" testcasecount="1" result="Passed" label="" start-time="2023-03-13 19:25:37.781957" end-time="2023-03-13 19:25:38.231162" duration="0.449205" asserts="0" total="1" passed="0" failed="1" warnings="0" inconclusive="0" skipped="0"><properties><property name="python_version" value="3.10.10 (main, Feb 16 2023, 02:49:39) [Clang 14.0.0 (clang-1400.0.29.202)]" /></properties><test-case id="100" name="test_login.py::test_log_in_organisation" fullname="test_login.py::test_log_in_organisation" methodname="test_log_in_organisation" classname="test_login.py" runstate="Runnable" seed="1" result="Failed" label="" start-time="2023-03-13 19:25:37.781957" end-time="2023-03-13 19:25:38.231162" duration="0.449205" asserts="0"><properties><property name="python-version" value="3.10.10 (main, Feb 16 2023, 02:49:39) [Clang 14.0.0 (clang-1400.0.29.202)]" /><property name="fspath" value="test_login.py" /></properties><environment framework-version="3.6.2" clr-version="3.10.10 (main, Feb 16 2023, 02:49:39) [Clang 14.0.0 (clang-1400.0.29.202)]" os-version="22.3.0" platform="Darwin" cwd="/Users/azimchowdhury/PycharmProjects/TestFramework" machine-name="arm64" user="" user-domain="" culture="en_GB" uiculture="en_GB" os-architecture="64bit" /><failure><message><![CDATA[driver_fixture = &lt;selenium.webdriver.chrome.webdriver.WebDriver (session="200e7e40468176dfbb10eac6df02398e")&gt;

    def test_log_in_organisation(driver_fixture):
        browser = driver_fixture
    
        login_page = LogInPage(browser)
        login_page.log_in_organisation.click()
    
        org_log_in_page = OrgLoginPage(browser)
    
&gt;       org_log_in_page.log_in_field.send_keys(os.environ.get('HUDL_ORG_USERNAME'))

test_login.py:90: 
_ _ _ _ _ _ _ _ _ _ _ _ _ _ _ _ _ _ _ _ _ _ _ _ _ _ _ _ _ _ _ _ _ _ _ _ _ _ _ _ _ _ _ _ _ _ _ _ _ _ _ _ _ _ _ _ _ _ _ _ _ _ _ _ _ _ _ _ _ _ _ _ _ _ _ _ _ _ _ _ _ _ _ _ _ _ _ _ _ _ _ _ _ _ _ _ _ _ _ _ _ _ _ _ _ _ _ _ _ _ _ _ _ _ _ _ 
model/element.py:10: in send_keys
    self.find_element().send_keys(text)
/opt/homebrew/lib/python3.10/site-packages/selenium/webdriver/remote/webelement.py:224: in send_keys
    {'text': "".join(keys_to_typing(value)),
_ _ _ _ _ _ _ _ _ _ _ _ _ _ _ _ _ _ _ _ _ _ _ _ _ _ _ _ _ _ _ _ _ _ _ _ _ _ _ _ _ _ _ _ _ _ _ _ _ _ _ _ _ _ _ _ _ _ _ _ _ _ _ _ _ _ _ _ _ _ _ _ _ _ _ _ _ _ _ _ _ _ _ _ _ _ _ _ _ _ _ _ _ _ _ _ _ _ _ _ _ _ _ _ _ _ _ _ _ _ _ _ _ _ _ _ 

value = (None,)

    def keys_to_typing(value: Iterable[AnyKey]) -&gt; List[str]:
        """Processes the values that will be typed in the element."""
        typing: List[str] = []
        for val in value:
            if isinstance(val, Keys):
                typing.append(val)
            elif isinstance(val, int) or isinstance(val, float):
                val = str(val)
                for i in range(len(val)):
                    typing.append(val[i])
            else:
&gt;               for i in range(len(val)):
E               TypeError: object of type 'NoneType' has no len()

/opt/homebrew/lib/python3.10/site-packages/selenium/webdriver/common/utils.py:148: TypeError]]></message><stack-trace><![CDATA[/opt/homebrew/lib/python3.10/site-packages/selenium/webdriver/common/utils.py:148: TypeError: object of type 'NoneType' has no len()]]></stack-trace></failure><reason><message><![CDATA[]]></message></reason><output><![CDATA[]]></output></test-case><environment framework-version="3.6.2" clr-version="3.10.10 (main, Feb 16 2023, 02:49:39) [Clang 14.0.0 (clang-1400.0.29.202)]" os-version="22.3.0" platform="Darwin" cwd="/Users/azimchowdhury/PycharmProjects/TestFramework" machine-name="arm64" user="" user-domain="" culture="en_GB" uiculture="en_GB" os-architecture="64bit" /></test-suite></test-run>